<?xml version="1.0" encoding="UTF-8"?>
<robot generator="Robot 3.2.2 (Python 3.10.7 on win32)" generated="20230405 18:43:53.615" rpa="false">
<suite id="s1" name="TestSuite1" source="C:\Users\alexis.aranda\eclipse-workspace\RobotProjectTest1\test\TestSuite1.robot">
<kw name="Log" library="BuiltIn" type="setup">
<doc>Logs the given message with the given level.</doc>
<arguments>
<arg>im test suite setup</arg>
</arguments>
<msg timestamp="20230405 18:43:53.839" level="INFO">im test suite setup</msg>
<status status="PASS" starttime="20230405 18:43:53.839" endtime="20230405 18:43:53.839"></status>
</kw>
<test id="s1-t1" name="MyFirstTest">
<kw name="Log" library="BuiltIn" type="setup">
<doc>Logs the given message with the given level.</doc>
<arguments>
<arg>im test setup</arg>
</arguments>
<msg timestamp="20230405 18:43:53.841" level="INFO">im test setup</msg>
<status status="PASS" starttime="20230405 18:43:53.840" endtime="20230405 18:43:53.841"></status>
</kw>
<kw name="Log" library="BuiltIn">
<doc>Logs the given message with the given level.</doc>
<arguments>
<arg>Hello World</arg>
</arguments>
<msg timestamp="20230405 18:43:53.842" level="INFO">Hello World</msg>
<status status="PASS" starttime="20230405 18:43:53.842" endtime="20230405 18:43:53.842"></status>
</kw>
<kw name="Log" library="BuiltIn" type="teardown">
<doc>Logs the given message with the given level.</doc>
<arguments>
<arg>im test teardown</arg>
</arguments>
<msg timestamp="20230405 18:43:53.843" level="INFO">im test teardown</msg>
<status status="PASS" starttime="20230405 18:43:53.843" endtime="20230405 18:43:53.843"></status>
</kw>
<tags>
<tag>smoke</tag>
</tags>
<status status="PASS" starttime="20230405 18:43:53.839" endtime="20230405 18:43:53.843" critical="yes"></status>
</test>
<test id="s1-t2" name="MySecondTest">
<kw name="Log" library="BuiltIn" type="setup">
<doc>Logs the given message with the given level.</doc>
<arguments>
<arg>im test setup</arg>
</arguments>
<msg timestamp="20230405 18:43:53.846" level="INFO">im test setup</msg>
<status status="PASS" starttime="20230405 18:43:53.845" endtime="20230405 18:43:53.846"></status>
</kw>
<kw name="Log" library="BuiltIn">
<doc>Logs the given message with the given level.</doc>
<arguments>
<arg>test2</arg>
</arguments>
<msg timestamp="20230405 18:43:53.846" level="INFO">test2</msg>
<status status="PASS" starttime="20230405 18:43:53.846" endtime="20230405 18:43:53.846"></status>
</kw>
<kw name="Set Tags" library="BuiltIn">
<doc>Adds given ``tags`` for the current test or all tests in a suite.</doc>
<arguments>
<arg>regression1</arg>
</arguments>
<msg timestamp="20230405 18:43:53.847" level="INFO">Set tag 'regression1'.</msg>
<status status="PASS" starttime="20230405 18:43:53.846" endtime="20230405 18:43:53.847"></status>
</kw>
<kw name="Remove Tags" library="BuiltIn">
<doc>Removes given ``tags`` from the current test or all tests in a suite.</doc>
<arguments>
<arg>regression1</arg>
</arguments>
<msg timestamp="20230405 18:43:53.847" level="INFO">Removed tag 'regression1'.</msg>
<status status="PASS" starttime="20230405 18:43:53.847" endtime="20230405 18:43:53.847"></status>
</kw>
<kw name="Log" library="BuiltIn" type="teardown">
<doc>Logs the given message with the given level.</doc>
<arguments>
<arg>im test teardown</arg>
</arguments>
<msg timestamp="20230405 18:43:53.848" level="INFO">im test teardown</msg>
<status status="PASS" starttime="20230405 18:43:53.847" endtime="20230405 18:43:53.848"></status>
</kw>
<tags>
<tag>sanity</tag>
</tags>
<status status="PASS" starttime="20230405 18:43:53.845" endtime="20230405 18:43:53.848" critical="yes"></status>
</test>
<test id="s1-t3" name="MyThirdTest">
<kw name="Log" library="BuiltIn" type="setup">
<doc>Logs the given message with the given level.</doc>
<arguments>
<arg>im test setup</arg>
</arguments>
<msg timestamp="20230405 18:43:53.849" level="INFO">im test setup</msg>
<status status="PASS" starttime="20230405 18:43:53.849" endtime="20230405 18:43:53.850"></status>
</kw>
<kw name="Log" library="BuiltIn">
<doc>Logs the given message with the given level.</doc>
<arguments>
<arg>test3</arg>
</arguments>
<msg timestamp="20230405 18:43:53.850" level="INFO">test3</msg>
<status status="PASS" starttime="20230405 18:43:53.850" endtime="20230405 18:43:53.850"></status>
</kw>
<kw name="Log" library="BuiltIn" type="teardown">
<doc>Logs the given message with the given level.</doc>
<arguments>
<arg>im test teardown</arg>
</arguments>
<msg timestamp="20230405 18:43:53.850" level="INFO">im test teardown</msg>
<status status="PASS" starttime="20230405 18:43:53.850" endtime="20230405 18:43:53.850"></status>
</kw>
<tags>
<tag>example</tag>
</tags>
<status status="PASS" starttime="20230405 18:43:53.849" endtime="20230405 18:43:53.850" critical="yes"></status>
</test>
<kw name="Log" library="BuiltIn" type="teardown">
<doc>Logs the given message with the given level.</doc>
<arguments>
<arg>im test suite teardown</arg>
</arguments>
<msg timestamp="20230405 18:43:53.852" level="INFO">im test suite teardown</msg>
<status status="PASS" starttime="20230405 18:43:53.852" endtime="20230405 18:43:53.852"></status>
</kw>
<status status="PASS" starttime="20230405 18:43:53.620" endtime="20230405 18:43:53.852"></status>
</suite>
<statistics>
<total>
<stat pass="3" fail="0">Critical Tests</stat>
<stat pass="3" fail="0">All Tests</stat>
</total>
<tag>
<stat pass="1" fail="0">example</stat>
<stat pass="1" fail="0">sanity</stat>
<stat pass="1" fail="0">smoke</stat>
</tag>
<suite>
<stat pass="3" fail="0" id="s1" name="TestSuite1">TestSuite1</stat>
</suite>
</statistics>
<errors>
</errors>
</robot>
