<?xml version="1.0" encoding="UTF-8"?>
<robot generator="Robot 3.2.2 (Python 3.10.7 on win32)" generated="20230406 10:22:05.855" rpa="false">
<suite id="s1" name="RobotProjectTest1" source="C:\Users\alexis.aranda\git\RobotProject_Alexis\RobotProjectTest1">
<suite id="s1-s1" name="Test" source="C:\Users\alexis.aranda\git\RobotProject_Alexis\RobotProjectTest1\test">
<suite id="s1-s1-s1" name="TestSuite1" source="C:\Users\alexis.aranda\git\RobotProject_Alexis\RobotProjectTest1\test\TestSuite1.robot">
<kw name="Log" library="BuiltIn" type="setup">
<doc>Logs the given message with the given level.</doc>
<arguments>
<arg>im test suite setup</arg>
</arguments>
<msg timestamp="20230406 10:22:06.132" level="INFO">im test suite setup</msg>
<status status="PASS" starttime="20230406 10:22:06.132" endtime="20230406 10:22:06.132"></status>
</kw>
<test id="s1-s1-s1-t1" name="MyFourthTest">
<kw name="Log" library="BuiltIn" type="setup">
<doc>Logs the given message with the given level.</doc>
<arguments>
<arg>im test setup</arg>
</arguments>
<msg timestamp="20230406 10:22:06.134" level="INFO">im test setup</msg>
<status status="PASS" starttime="20230406 10:22:06.134" endtime="20230406 10:22:06.134"></status>
</kw>
<kw name="Log" library="BuiltIn">
<doc>Logs the given message with the given level.</doc>
<arguments>
<arg>test4</arg>
</arguments>
<msg timestamp="20230406 10:22:06.135" level="INFO">test4</msg>
<status status="PASS" starttime="20230406 10:22:06.135" endtime="20230406 10:22:06.135"></status>
</kw>
<kw name="Log" library="BuiltIn" type="teardown">
<doc>Logs the given message with the given level.</doc>
<arguments>
<arg>im test teardown</arg>
</arguments>
<msg timestamp="20230406 10:22:06.136" level="INFO">im test teardown</msg>
<status status="PASS" starttime="20230406 10:22:06.136" endtime="20230406 10:22:06.136"></status>
</kw>
<tags>
<tag>easy</tag>
</tags>
<status status="PASS" starttime="20230406 10:22:06.133" endtime="20230406 10:22:06.137" critical="yes"></status>
</test>
<kw name="Log" library="BuiltIn" type="teardown">
<doc>Logs the given message with the given level.</doc>
<arguments>
<arg>im test suite teardown</arg>
</arguments>
<msg timestamp="20230406 10:22:06.138" level="INFO">im test suite teardown</msg>
<status status="PASS" starttime="20230406 10:22:06.138" endtime="20230406 10:22:06.138"></status>
</kw>
<status status="PASS" starttime="20230406 10:22:05.923" endtime="20230406 10:22:06.139"></status>
</suite>
<status status="PASS" starttime="20230406 10:22:05.919" endtime="20230406 10:22:06.141"></status>
</suite>
<status status="PASS" starttime="20230406 10:22:05.898" endtime="20230406 10:22:06.142"></status>
</suite>
<statistics>
<total>
<stat pass="1" fail="0">Critical Tests</stat>
<stat pass="1" fail="0">All Tests</stat>
</total>
<tag>
<stat pass="1" fail="0">easy</stat>
</tag>
<suite>
<stat pass="1" fail="0" id="s1" name="RobotProjectTest1">RobotProjectTest1</stat>
<stat pass="1" fail="0" id="s1-s1" name="Test">RobotProjectTest1.Test</stat>
<stat pass="1" fail="0" id="s1-s1-s1" name="TestSuite1">RobotProjectTest1.Test.TestSuite1</stat>
</suite>
</statistics>
<errors>
</errors>
</robot>
